[2025-12-08 22:30:15] contests handlers registered
[2025-12-08T22:44:19.680933] Registered contests handlers
[2025-12-08T23:36:04.742741] Registered contests handlers
[2025-12-08T23:53:50.273304] Registered contests + AI handlers
[2025-12-08T23:58:24.607609] Registered contests + AI handlers
[2025-12-09T00:05:08.271739] Registered contests + AI handlers
[2025-12-09T00:05:54.484762] Registered contests + AI handlers
[2025-12-09T00:12:56.153917] Registered contests + AI handlers
[2025-12-09T00:23:31.140721] Registered contests + AI handlers
[2025-12-09T00:26:23.625863] Registered contests + AI handlers
[2025-12-09T00:32:51.747501] Registered contests + AI handlers
[2025-12-09T00:46:50.228631] Registered contests + AI handlers
[2025-12-09T00:48:39.846069] Registered contests + AI handlers
[2025-12-09T01:01:32.185380] Registered contests + AI handlers
[2025-12-09T09:27:04.554667] Registered contests + AI handlers
[2025-12-09T09:29:04.644133] Registered contests + AI handlers
[2025-12-09T09:33:11.511603] Registered contests + AI handlers
[2025-12-09T09:40:52.192599] Registered contests + AI handlers
[2025-12-09T09:44:04.145675] Registered contests + AI handlers
[2025-12-09T09:52:10.365228] Registered contests + AI handlers
[2025-12-09T09:55:59.578341] Registered contests + AI handlers
[2025-12-09T09:59:25.676095] Registered contests + AI handlers
[2025-12-09T10:05:45.410298] Registered contests + AI handlers
[2025-12-09T10:07:22.400110] Registered contests + AI handlers
[2025-12-09T10:08:02.756694] Contest added: 1 (1-2) by 6242278389
[2025-12-09T11:59:49.335812] Registered contests handlers
[2025-12-09T22:29:39.399653] Registered contests handlers
[2025-12-09T22:33:34.398761] Registered contests handlers
[2025-12-09T23:32:13.831597] Registered contests handlers
[2025-12-10T17:29:59.280692] Registered contests handlers
[2025-12-10T17:59:24.737845] Registered contests handlers
[2025-12-10T18:03:47.210287] Registered contests handlers
[2025-12-10T18:04:20.407969] Contest added: 1 (1-2) by 6242278389
[2025-12-10T18:04:52.294328] Registered contests handlers
[2025-12-10T18:11:33.094736] Registered contests handlers
[2025-12-10T18:12:56.177916] Registered contests handlers
[2025-12-10T18:21:27.446623] Registered contests handlers
[2025-12-10T18:25:04.181583] Registered contests handlers
[2025-12-10T18:37:40.652525] Registered contests handlers
[2025-12-10T18:42:15.289905] Registered contests handlers
[2025-12-10T18:43:26.245909] Registered contests handlers
[2025-12-10T18:45:56.573966] Registered contests handlers
[2025-12-10T18:48:40.850648] Registered contests handlers
[2025-12-10T18:58:46.233091] Registered contests handlers
[2025-12-10T19:02:56.945404] Registered contests handlers
[2025-12-10T21:17:01.359260] Contest deleted: 1 by 6242278389
[2025-12-10T22:33:24.584560] Contest added: 4.1_Положение to dept 2 by 6242278389
[2025-12-11T01:01:16.953145] Contest deleted: 4.1_Положение by 6242278389
[2025-12-13T17:32:31.733905] Contest added: 4.1_Положение to dept 2 by 6242278389
[2025-12-13T20:09:55.040936] Contest added: 9.1_Положение трассовый_22-23.11 to dept 5 by 6242278389
[2025-12-13T20:23:09.874246] Contest added: 7.1_Положение_Кубок_Надежд_25-26 to dept 3 by 6242278389
[2025-12-13T20:26:24.942921] Contest added: 1_1_Положение_Неопалимая_купина_25_26 to dept 1 by 6242278389
[2025-12-13T20:27:04.620035] Contest added: 6.1_Положение_Кубок_Новичков_25-26 to dept 3 by 6242278389
[2025-12-13T20:27:43.669830] Contest added: 11.1_Положение_ДЮП to dept 1 by 6242278389
[2025-12-13T20:28:28.842169] Contest added: 10.1_Положение_Кубок-64_25-26 to dept 3 by 6242278389
[2025-12-13T20:29:01.762224] Contest added: 8.1_Положение_22.11.25 to dept 6 by 6242278389
[2025-12-13T20:29:40.201674] Contest added: 3.1_Положение_Кубок-100_25-26 to dept 3 by 6242278389
[2025-12-13T20:30:12.114767] Contest added: 4.1_Положение to dept 4 by 6242278389
